<component name="libraryTable">
  <library name="junit-4.10">
    <CLASSES>
      <root url="jar://$PROJECT_DIR$/main/lib/junit-4.10.jar!/" />
      <root url="jar://$PROJECT_DIR$/main/lib/selenium-server.jar!/" />
    </CLASSES>
    <JAVADOC />
    <SOURCES />
  </library>
</component>